2021-08-20 00:36:54,515 [NonParallelWorker] INFO M11_Dzianis_Dukhnou.OneTimeSetUpTest - !!!Execution of test(s) have been started!!!
2021-08-20 00:37:00,077 [NonParallelWorker] DEBUG M11_Dzianis_Dukhnou.BaseElement - Waiting for the element: By.CssSelector: .button2_theme_mail-white
2021-08-20 00:37:00,301 [NonParallelWorker] INFO M11_Dzianis_Dukhnou.WebObjects.StartPage - The Page is open
2021-08-20 00:37:00,302 [NonParallelWorker] DEBUG M11_Dzianis_Dukhnou.BaseElement - Waiting for the element: By.CssSelector: .button2_theme_mail-white
2021-08-20 00:37:00,914 [NonParallelWorker] DEBUG M11_Dzianis_Dukhnou.BaseElement - Waiting for the element: By.ClassName[Contains]: passp-auth-content
2021-08-20 00:37:00,955 [NonParallelWorker] INFO M11_Dzianis_Dukhnou.WebObjects.LoginPage - The Page is open
2021-08-20 00:37:00,956 [NonParallelWorker] DEBUG M11_Dzianis_Dukhnou.BaseElement - Waiting for the element: By.Id: passp-field-login
2021-08-20 00:37:01,033 [NonParallelWorker] DEBUG M11_Dzianis_Dukhnou.BaseElement - Waiting for the element: By.XPath: //button[contains(@class, 'Button2') and @type = 'submit']
2021-08-20 00:37:01,073 [NonParallelWorker] DEBUG M11_Dzianis_Dukhnou.BaseElement - Waiting for the element: By.Id: passp-field-passwd
2021-08-20 00:37:01,685 [NonParallelWorker] DEBUG M11_Dzianis_Dukhnou.BaseElement - Waiting for the element: By.XPath: //button[contains(@class, 'Button2') and @type = 'submit']
2021-08-20 00:37:01,714 [NonParallelWorker] DEBUG M11_Dzianis_Dukhnou.BaseElement - Waiting for the element: By.XPath: //a[@href = 'https://360.yandex.ru/?from=mail-header-360']
2021-08-20 00:37:04,075 [NonParallelWorker] INFO M11_Dzianis_Dukhnou.WebObjects.HomePage - The Page is open
2021-08-20 00:37:04,077 [NonParallelWorker] DEBUG M11_Dzianis_Dukhnou.BaseElement - Waiting for the element: By.XPath: //span[text() ='DzianisM6']
2021-08-20 00:37:04,136 [NonParallelWorker] INFO M11_Dzianis_Dukhnou.BaseTest - Login - Passed
2021-08-20 00:37:04,137 [NonParallelWorker] DEBUG M11_Dzianis_Dukhnou.BaseElement - Waiting for the element: By.XPath: //div[contains(@class, 'user-pic user-pic')]
2021-08-20 00:37:04,419 [NonParallelWorker] DEBUG M11_Dzianis_Dukhnou.BaseElement - Waiting for the element: By.CssSelector: .user-account_has-subname_yes
2021-08-20 00:37:04,445 [NonParallelWorker] INFO M11_Dzianis_Dukhnou.WebObjects.UserMenuPage - The Page is open
2021-08-20 00:37:04,446 [NonParallelWorker] DEBUG M11_Dzianis_Dukhnou.BaseElement - Waiting for the element: By.XPath: //span[text() = 'Выйти из сервисов Яндекса']
2021-08-20 00:37:06,582 [NonParallelWorker] INFO M11_Dzianis_Dukhnou.OneTimeSetUpTest - !!!Execution of test(s) have been finished!!!
2021-08-20 00:37:27,639 [NonParallelWorker] INFO M11_Dzianis_Dukhnou.OneTimeSetUpTest - !!!Execution of test(s) have been started!!!
2021-08-20 00:37:33,459 [NonParallelWorker] INFO M11_Dzianis_Dukhnou.WebObjects.StartPage - The Page is open
2021-08-20 00:37:34,204 [NonParallelWorker] INFO M11_Dzianis_Dukhnou.WebObjects.LoginPage - The Page is open
2021-08-20 00:37:37,311 [NonParallelWorker] INFO M11_Dzianis_Dukhnou.WebObjects.HomePage - The Page is open
2021-08-20 00:37:37,376 [NonParallelWorker] INFO M11_Dzianis_Dukhnou.BaseTest - Login - Passed
2021-08-20 00:37:37,675 [NonParallelWorker] INFO M11_Dzianis_Dukhnou.WebObjects.UserMenuPage - The Page is open
2021-08-20 00:37:39,850 [NonParallelWorker] INFO M11_Dzianis_Dukhnou.OneTimeSetUpTest - !!!Execution of test(s) have been finished!!!
2021-08-20 00:38:55,216 [NonParallelWorker] INFO M11_Dzianis_Dukhnou.OneTimeSetUpTest - !!!Execution of test(s) have been started!!!
2021-08-20 00:39:00,826 [NonParallelWorker] DEBUG M11_Dzianis_Dukhnou.BaseElement - Waiting for the element: By.CssSelector: .button2_theme_mail-white
2021-08-20 00:39:01,054 [NonParallelWorker] INFO M11_Dzianis_Dukhnou.WebObjects.StartPage - The Page is open
2021-08-20 00:39:01,054 [NonParallelWorker] DEBUG M11_Dzianis_Dukhnou.BaseElement - Waiting for the element: By.CssSelector: .button2_theme_mail-white
2021-08-20 00:39:01,641 [NonParallelWorker] DEBUG M11_Dzianis_Dukhnou.BaseElement - Waiting for the element: By.ClassName[Contains]: passp-auth-content
2021-08-20 00:39:01,689 [NonParallelWorker] INFO M11_Dzianis_Dukhnou.WebObjects.LoginPage - The Page is open
2021-08-20 00:39:01,689 [NonParallelWorker] DEBUG M11_Dzianis_Dukhnou.BaseElement - Waiting for the element: By.Id: passp-field-login
2021-08-20 00:39:01,771 [NonParallelWorker] DEBUG M11_Dzianis_Dukhnou.BaseElement - Waiting for the element: By.XPath: //button[contains(@class, 'Button2') and @type = 'submit']
2021-08-20 00:39:01,822 [NonParallelWorker] DEBUG M11_Dzianis_Dukhnou.BaseElement - Waiting for the element: By.Id: passp-field-passwd
2021-08-20 00:39:02,391 [NonParallelWorker] DEBUG M11_Dzianis_Dukhnou.BaseElement - Waiting for the element: By.XPath: //button[contains(@class, 'Button2') and @type = 'submit']
2021-08-20 00:39:02,422 [NonParallelWorker] DEBUG M11_Dzianis_Dukhnou.BaseElement - Waiting for the element: By.XPath: //a[@href = 'https://360.yandex.ru/?from=mail-header-360']
2021-08-20 00:39:04,727 [NonParallelWorker] INFO M11_Dzianis_Dukhnou.WebObjects.HomePage - The Page is open
2021-08-20 00:39:04,728 [NonParallelWorker] DEBUG M11_Dzianis_Dukhnou.BaseElement - Waiting for the element: By.XPath: //span[text() ='DzianisM6']
2021-08-20 00:39:04,778 [NonParallelWorker] INFO M11_Dzianis_Dukhnou.BaseTest - Login - Passed
2021-08-20 00:39:04,779 [NonParallelWorker] DEBUG M11_Dzianis_Dukhnou.BaseElement - Waiting for the element: By.XPath: //div[contains(@class, 'user-pic user-pic')]
2021-08-20 00:39:05,057 [NonParallelWorker] DEBUG M11_Dzianis_Dukhnou.BaseElement - Waiting for the element: By.CssSelector: .user-account_has-subname_yes
2021-08-20 00:39:05,103 [NonParallelWorker] INFO M11_Dzianis_Dukhnou.WebObjects.UserMenuPage - The Page is open
2021-08-20 00:39:05,104 [NonParallelWorker] DEBUG M11_Dzianis_Dukhnou.BaseElement - Waiting for the element: By.XPath: //span[text() = 'Выйти из сервисов Яндекса']
2021-08-20 00:39:07,255 [NonParallelWorker] INFO M11_Dzianis_Dukhnou.OneTimeSetUpTest - !!!Execution of test(s) have been finished!!!
