2021-08-24 23:19:39,349 [NonParallelWorker] INFO M11_Dzianis_Dukhnou.OneTimeTest - !!!Execution of test(s) have been started!!!
2021-08-24 23:19:46,121 [NonParallelWorker] INFO M11_Dzianis_Dukhnou.BaseTest - Log in to the email
2021-08-24 23:19:46,171 [NonParallelWorker] INFO M11_Dzianis_Dukhnou.WebObjects.StartPage - The Start Page is open
2021-08-24 23:19:49,716 [NonParallelWorker] INFO M11_Dzianis_Dukhnou.WebObjects.LoginPage - The Login Page is open
2021-08-24 23:19:54,593 [NonParallelWorker] INFO M11_Dzianis_Dukhnou.WebObjects.HomePage - The Home Page is open
2021-08-24 23:19:56,426 [NonParallelWorker] INFO M11_Dzianis_Dukhnou.WebObjects.LetterPage - The Letter Page is open
2021-08-24 23:19:59,007 [NonParallelWorker] INFO M11_Dzianis_Dukhnou.WebObjects.DraftPage - The Draft Page is open
2021-08-24 23:19:59,348 [NonParallelWorker] INFO M11_Dzianis_Dukhnou.WebObjects.RightClickMenuPage - The RightClick Page is open
2021-08-24 23:20:00,564 [NonParallelWorker] INFO M11_Dzianis_Dukhnou.WebObjects.InboxPage - The Inbox Page is open
2021-08-24 23:20:00,598 [NonParallelWorker] INFO M11_Dzianis_Dukhnou.BaseTest - Execution of postconditions
2021-08-24 23:20:00,843 [NonParallelWorker] INFO M11_Dzianis_Dukhnou.WebObjects.InboxPage - The Inbox Page is open
2021-08-24 23:20:01,307 [NonParallelWorker] INFO M11_Dzianis_Dukhnou.BaseTest - MoveLetterFromDraftToInput_VerifyInputFolder - Passed
2021-08-24 23:20:01,308 [NonParallelWorker] INFO M11_Dzianis_Dukhnou.BaseTest - Log out
2021-08-24 23:20:01,579 [NonParallelWorker] INFO M11_Dzianis_Dukhnou.WebObjects.UserMenuPage - The UserMenu Page is open
2021-08-24 23:20:05,035 [NonParallelWorker] INFO M11_Dzianis_Dukhnou.OneTimeTest - !!!Execution of test(s) have been finished!!!
2021-08-24 23:38:03,040 [NonParallelWorker] INFO M11_Dzianis_Dukhnou.OneTimeTest - !!!Execution of test(s) have been started!!!
2021-08-24 23:38:09,583 [NonParallelWorker] INFO M11_Dzianis_Dukhnou.BaseTest - Log in to the email
2021-08-24 23:38:09,622 [NonParallelWorker] INFO M11_Dzianis_Dukhnou.WebObjects.StartPage - The Start Page is open
2021-08-24 23:38:11,344 [NonParallelWorker] INFO M11_Dzianis_Dukhnou.WebObjects.LoginPage - The Login Page is open
2021-08-24 23:38:16,486 [NonParallelWorker] INFO M11_Dzianis_Dukhnou.WebObjects.HomePage - The Home Page is open
2021-08-24 23:38:17,851 [NonParallelWorker] INFO M11_Dzianis_Dukhnou.WebObjects.LetterPage - The Letter Page is open
2021-08-24 23:38:20,445 [NonParallelWorker] INFO M11_Dzianis_Dukhnou.WebObjects.LetterPage - The Letter Page is open
2021-08-24 23:38:22,991 [NonParallelWorker] INFO M11_Dzianis_Dukhnou.WebObjects.LetterPage - The Letter Page is open
2021-08-24 23:38:25,203 [NonParallelWorker] INFO M11_Dzianis_Dukhnou.WebObjects.LetterPage - The Letter Page is open
2021-08-24 23:38:27,371 [NonParallelWorker] INFO M11_Dzianis_Dukhnou.WebObjects.LetterPage - The Letter Page is open
2021-08-24 23:38:29,594 [NonParallelWorker] INFO M11_Dzianis_Dukhnou.WebObjects.DraftPage - The Draft Page is open
2021-08-24 23:38:29,654 [NonParallelWorker] INFO M11_Dzianis_Dukhnou.BaseTest - Execution of postconditions
2021-08-24 23:38:30,159 [NonParallelWorker] INFO M11_Dzianis_Dukhnou.BaseTest - CreatingNumberOfDraftLetters_VerifyMoveUpButton(5) - Passed
2021-08-24 23:38:30,159 [NonParallelWorker] INFO M11_Dzianis_Dukhnou.BaseTest - Log out
2021-08-24 23:38:30,480 [NonParallelWorker] INFO M11_Dzianis_Dukhnou.WebObjects.UserMenuPage - The UserMenu Page is open
2021-08-24 23:38:39,961 [NonParallelWorker] INFO M11_Dzianis_Dukhnou.BaseTest - Log in to the email
2021-08-24 23:38:39,995 [NonParallelWorker] INFO M11_Dzianis_Dukhnou.WebObjects.StartPage - The Start Page is open
2021-08-24 23:38:41,791 [NonParallelWorker] INFO M11_Dzianis_Dukhnou.WebObjects.LoginPage - The Login Page is open
2021-08-24 23:38:47,316 [NonParallelWorker] INFO M11_Dzianis_Dukhnou.WebObjects.HomePage - The Home Page is open
2021-08-24 23:38:48,600 [NonParallelWorker] INFO M11_Dzianis_Dukhnou.WebObjects.LetterPage - The Letter Page is open
2021-08-24 23:38:51,276 [NonParallelWorker] INFO M11_Dzianis_Dukhnou.WebObjects.LetterPage - The Letter Page is open
2021-08-24 23:38:53,665 [NonParallelWorker] INFO M11_Dzianis_Dukhnou.WebObjects.LetterPage - The Letter Page is open
2021-08-24 23:38:56,040 [NonParallelWorker] INFO M11_Dzianis_Dukhnou.WebObjects.LetterPage - The Letter Page is open
2021-08-24 23:38:58,210 [NonParallelWorker] INFO M11_Dzianis_Dukhnou.WebObjects.LetterPage - The Letter Page is open
2021-08-24 23:39:00,499 [NonParallelWorker] INFO M11_Dzianis_Dukhnou.WebObjects.LetterPage - The Letter Page is open
2021-08-24 23:39:02,662 [NonParallelWorker] INFO M11_Dzianis_Dukhnou.WebObjects.LetterPage - The Letter Page is open
2021-08-24 23:39:04,866 [NonParallelWorker] INFO M11_Dzianis_Dukhnou.WebObjects.LetterPage - The Letter Page is open
2021-08-24 23:39:07,056 [NonParallelWorker] INFO M11_Dzianis_Dukhnou.WebObjects.LetterPage - The Letter Page is open
2021-08-24 23:39:09,356 [NonParallelWorker] INFO M11_Dzianis_Dukhnou.WebObjects.LetterPage - The Letter Page is open
2021-08-24 23:39:11,622 [NonParallelWorker] INFO M11_Dzianis_Dukhnou.WebObjects.LetterPage - The Letter Page is open
2021-08-24 23:39:13,925 [NonParallelWorker] INFO M11_Dzianis_Dukhnou.WebObjects.DraftPage - The Draft Page is open
2021-08-24 23:39:14,265 [NonParallelWorker] INFO M11_Dzianis_Dukhnou.WebObjects.RightClickMenuPage - The RightClick Page is open
2021-08-24 23:39:14,540 [NonParallelWorker] INFO M11_Dzianis_Dukhnou.WebObjects.DraftPage - The Draft Page is open
2021-08-24 23:39:14,569 [NonParallelWorker] INFO M11_Dzianis_Dukhnou.BaseTest - Execution of postconditions
2021-08-24 23:39:15,083 [NonParallelWorker] INFO M11_Dzianis_Dukhnou.BaseTest - CreatingNumberOfDraftLetters_VerifyRightClickDelete(11) - Passed
2021-08-24 23:39:15,083 [NonParallelWorker] INFO M11_Dzianis_Dukhnou.BaseTest - Log out
2021-08-24 23:39:15,341 [NonParallelWorker] INFO M11_Dzianis_Dukhnou.WebObjects.UserMenuPage - The UserMenu Page is open
2021-08-24 23:39:25,674 [NonParallelWorker] INFO M11_Dzianis_Dukhnou.BaseTest - Log in to the email
2021-08-24 23:39:25,924 [NonParallelWorker] INFO M11_Dzianis_Dukhnou.WebObjects.StartPage - The Start Page is open
2021-08-24 23:39:27,480 [NonParallelWorker] INFO M11_Dzianis_Dukhnou.WebObjects.LoginPage - The Login Page is open
2021-08-24 23:39:31,658 [NonParallelWorker] INFO M11_Dzianis_Dukhnou.WebObjects.HomePage - The Home Page is open
2021-08-24 23:39:32,855 [NonParallelWorker] INFO M11_Dzianis_Dukhnou.WebObjects.LetterPage - The Letter Page is open
2021-08-24 23:39:35,279 [NonParallelWorker] INFO M11_Dzianis_Dukhnou.WebObjects.DraftPage - The Draft Page is open
2021-08-24 23:39:35,936 [NonParallelWorker] INFO M11_Dzianis_Dukhnou.WebObjects.LetterPage - The Letter Page is open
2021-08-24 23:39:36,105 [NonParallelWorker] INFO M11_Dzianis_Dukhnou.BaseTest - Execution of postconditions
2021-08-24 23:39:36,455 [NonParallelWorker] INFO M11_Dzianis_Dukhnou.WebObjects.DraftPage - The Draft Page is open
2021-08-24 23:39:36,999 [NonParallelWorker] INFO M11_Dzianis_Dukhnou.BaseTest - CreatingDraftEmail_VerifyContent - Passed
2021-08-24 23:39:36,999 [NonParallelWorker] INFO M11_Dzianis_Dukhnou.BaseTest - Log out
2021-08-24 23:39:37,303 [NonParallelWorker] INFO M11_Dzianis_Dukhnou.WebObjects.UserMenuPage - The UserMenu Page is open
2021-08-24 23:39:46,744 [NonParallelWorker] INFO M11_Dzianis_Dukhnou.BaseTest - Log in to the email
2021-08-24 23:39:47,071 [NonParallelWorker] INFO M11_Dzianis_Dukhnou.WebObjects.StartPage - The Start Page is open
2021-08-24 23:39:48,388 [NonParallelWorker] INFO M11_Dzianis_Dukhnou.WebObjects.LoginPage - The Login Page is open
2021-08-24 23:39:53,032 [NonParallelWorker] INFO M11_Dzianis_Dukhnou.WebObjects.HomePage - The Home Page is open
2021-08-24 23:39:54,320 [NonParallelWorker] INFO M11_Dzianis_Dukhnou.WebObjects.LetterPage - The Letter Page is open
2021-08-24 23:39:56,986 [NonParallelWorker] INFO M11_Dzianis_Dukhnou.WebObjects.DraftPage - The Draft Page is open
2021-08-24 23:39:57,020 [NonParallelWorker] INFO M11_Dzianis_Dukhnou.BaseTest - Execution of postconditions
2021-08-24 23:39:57,287 [NonParallelWorker] INFO M11_Dzianis_Dukhnou.WebObjects.DraftPage - The Draft Page is open
2021-08-24 23:39:57,786 [NonParallelWorker] INFO M11_Dzianis_Dukhnou.BaseTest - CreatingDraftEmail_VerifyDarftFolder - Passed
2021-08-24 23:39:57,786 [NonParallelWorker] INFO M11_Dzianis_Dukhnou.BaseTest - Log out
2021-08-24 23:39:58,061 [NonParallelWorker] INFO M11_Dzianis_Dukhnou.WebObjects.UserMenuPage - The UserMenu Page is open
2021-08-24 23:40:09,364 [NonParallelWorker] INFO M11_Dzianis_Dukhnou.BaseTest - Log in to the email
2021-08-24 23:40:09,419 [NonParallelWorker] INFO M11_Dzianis_Dukhnou.WebObjects.StartPage - The Start Page is open
2021-08-24 23:40:11,334 [NonParallelWorker] INFO M11_Dzianis_Dukhnou.WebObjects.LoginPage - The Login Page is open
2021-08-24 23:40:15,329 [NonParallelWorker] INFO M11_Dzianis_Dukhnou.WebObjects.HomePage - The Home Page is open
2021-08-24 23:40:15,360 [NonParallelWorker] INFO M11_Dzianis_Dukhnou.BaseTest - Login - Passed
2021-08-24 23:40:15,360 [NonParallelWorker] INFO M11_Dzianis_Dukhnou.BaseTest - Log out
2021-08-24 23:40:15,815 [NonParallelWorker] INFO M11_Dzianis_Dukhnou.WebObjects.UserMenuPage - The UserMenu Page is open
2021-08-24 23:40:26,534 [NonParallelWorker] INFO M11_Dzianis_Dukhnou.BaseTest - Log in to the email
2021-08-24 23:40:26,592 [NonParallelWorker] INFO M11_Dzianis_Dukhnou.WebObjects.StartPage - The Start Page is open
2021-08-24 23:40:27,883 [NonParallelWorker] INFO M11_Dzianis_Dukhnou.WebObjects.LoginPage - The Login Page is open
2021-08-24 23:40:32,521 [NonParallelWorker] INFO M11_Dzianis_Dukhnou.WebObjects.HomePage - The Home Page is open
2021-08-24 23:40:33,393 [NonParallelWorker] INFO M11_Dzianis_Dukhnou.WebObjects.LetterPage - The Letter Page is open
2021-08-24 23:40:36,381 [NonParallelWorker] INFO M11_Dzianis_Dukhnou.WebObjects.DraftPage - The Draft Page is open
2021-08-24 23:40:36,760 [NonParallelWorker] INFO M11_Dzianis_Dukhnou.WebObjects.RightClickMenuPage - The RightClick Page is open
2021-08-24 23:40:47,347 [NonParallelWorker] ERROR M11_Dzianis_Dukhnou.BaseElement - The element By.XPath: //span[@Title = 'ClClJcgvkNPDWDA'] is not displayed
2021-08-24 23:40:47,347 [NonParallelWorker] INFO M11_Dzianis_Dukhnou.BaseTest - Execution of postconditions
2021-08-24 23:40:47,962 [NonParallelWorker] INFO M11_Dzianis_Dukhnou.WebObjects.InboxPage - The Inbox Page is open
2021-08-24 23:40:48,462 [NonParallelWorker] INFO M11_Dzianis_Dukhnou.BaseTest - MoveLetterFromDraftToInbox_VerifyDraftFolder - Passed
2021-08-24 23:40:48,462 [NonParallelWorker] INFO M11_Dzianis_Dukhnou.BaseTest - Log out
2021-08-24 23:40:48,748 [NonParallelWorker] INFO M11_Dzianis_Dukhnou.WebObjects.UserMenuPage - The UserMenu Page is open
2021-08-24 23:41:00,175 [NonParallelWorker] INFO M11_Dzianis_Dukhnou.BaseTest - Log in to the email
2021-08-24 23:41:00,216 [NonParallelWorker] INFO M11_Dzianis_Dukhnou.WebObjects.StartPage - The Start Page is open
2021-08-24 23:41:02,342 [NonParallelWorker] INFO M11_Dzianis_Dukhnou.WebObjects.LoginPage - The Login Page is open
2021-08-24 23:41:08,115 [NonParallelWorker] INFO M11_Dzianis_Dukhnou.WebObjects.HomePage - The Home Page is open
2021-08-24 23:41:09,506 [NonParallelWorker] INFO M11_Dzianis_Dukhnou.WebObjects.LetterPage - The Letter Page is open
2021-08-24 23:41:12,744 [NonParallelWorker] INFO M11_Dzianis_Dukhnou.WebObjects.DraftPage - The Draft Page is open
2021-08-24 23:41:13,123 [NonParallelWorker] INFO M11_Dzianis_Dukhnou.WebObjects.RightClickMenuPage - The RightClick Page is open
2021-08-24 23:41:14,312 [NonParallelWorker] INFO M11_Dzianis_Dukhnou.WebObjects.InboxPage - The Inbox Page is open
2021-08-24 23:41:14,334 [NonParallelWorker] INFO M11_Dzianis_Dukhnou.BaseTest - Execution of postconditions
2021-08-24 23:41:14,588 [NonParallelWorker] INFO M11_Dzianis_Dukhnou.WebObjects.InboxPage - The Inbox Page is open
2021-08-24 23:41:15,077 [NonParallelWorker] INFO M11_Dzianis_Dukhnou.BaseTest - MoveLetterFromDraftToInput_VerifyInputFolder - Passed
2021-08-24 23:41:15,078 [NonParallelWorker] INFO M11_Dzianis_Dukhnou.BaseTest - Log out
2021-08-24 23:41:15,363 [NonParallelWorker] INFO M11_Dzianis_Dukhnou.WebObjects.UserMenuPage - The UserMenu Page is open
2021-08-24 23:41:25,908 [NonParallelWorker] INFO M11_Dzianis_Dukhnou.BaseTest - Log in to the email
2021-08-24 23:41:25,957 [NonParallelWorker] INFO M11_Dzianis_Dukhnou.WebObjects.StartPage - The Start Page is open
2021-08-24 23:41:27,890 [NonParallelWorker] INFO M11_Dzianis_Dukhnou.WebObjects.LoginPage - The Login Page is open
2021-08-24 23:41:32,241 [NonParallelWorker] INFO M11_Dzianis_Dukhnou.WebObjects.HomePage - The Home Page is open
2021-08-24 23:41:33,045 [NonParallelWorker] INFO M11_Dzianis_Dukhnou.WebObjects.LetterPage - The Letter Page is open
2021-08-24 23:41:35,552 [NonParallelWorker] INFO M11_Dzianis_Dukhnou.WebObjects.DraftPage - The Draft Page is open
2021-08-24 23:41:36,314 [NonParallelWorker] INFO M11_Dzianis_Dukhnou.WebObjects.LetterPage - The Letter Page is open
2021-08-24 23:41:37,266 [NonParallelWorker] INFO M11_Dzianis_Dukhnou.WebObjects.HomePage - The Home Page is open
2021-08-24 23:41:37,368 [NonParallelWorker] INFO M11_Dzianis_Dukhnou.WebObjects.DraftPage - The Draft Page is open
2021-08-24 23:41:47,449 [NonParallelWorker] ERROR M11_Dzianis_Dukhnou.BaseElement - The element By.XPath: //span[@Title = 'yDrDILkwve'] is not displayed
2021-08-24 23:41:47,450 [NonParallelWorker] INFO M11_Dzianis_Dukhnou.BaseTest - Execution of postconditions
2021-08-24 23:41:48,043 [NonParallelWorker] INFO M11_Dzianis_Dukhnou.WebObjects.SentPage - The Sent Page is open
2021-08-24 23:41:48,531 [NonParallelWorker] INFO M11_Dzianis_Dukhnou.BaseTest - SendingDraftEmail_CheckDraftFolder - Passed
2021-08-24 23:41:48,531 [NonParallelWorker] INFO M11_Dzianis_Dukhnou.BaseTest - Log out
2021-08-24 23:41:48,807 [NonParallelWorker] INFO M11_Dzianis_Dukhnou.WebObjects.UserMenuPage - The UserMenu Page is open
2021-08-24 23:41:57,173 [NonParallelWorker] INFO M11_Dzianis_Dukhnou.BaseTest - Log in to the email
2021-08-24 23:41:57,398 [NonParallelWorker] INFO M11_Dzianis_Dukhnou.WebObjects.StartPage - The Start Page is open
2021-08-24 23:41:58,709 [NonParallelWorker] INFO M11_Dzianis_Dukhnou.WebObjects.LoginPage - The Login Page is open
2021-08-24 23:42:02,742 [NonParallelWorker] INFO M11_Dzianis_Dukhnou.WebObjects.HomePage - The Home Page is open
2021-08-24 23:42:03,926 [NonParallelWorker] INFO M11_Dzianis_Dukhnou.WebObjects.LetterPage - The Letter Page is open
2021-08-24 23:42:06,488 [NonParallelWorker] INFO M11_Dzianis_Dukhnou.WebObjects.DraftPage - The Draft Page is open
2021-08-24 23:42:07,100 [NonParallelWorker] INFO M11_Dzianis_Dukhnou.WebObjects.LetterPage - The Letter Page is open
2021-08-24 23:42:08,495 [NonParallelWorker] INFO M11_Dzianis_Dukhnou.WebObjects.HomePage - The Home Page is open
2021-08-24 23:42:08,601 [NonParallelWorker] INFO M11_Dzianis_Dukhnou.WebObjects.SentPage - The Sent Page is open
2021-08-24 23:42:09,122 [NonParallelWorker] INFO M11_Dzianis_Dukhnou.BaseTest - Execution of postconditions
2021-08-24 23:42:09,362 [NonParallelWorker] INFO M11_Dzianis_Dukhnou.WebObjects.SentPage - The Sent Page is open
2021-08-24 23:42:09,830 [NonParallelWorker] INFO M11_Dzianis_Dukhnou.BaseTest - SendingDraftEmail_CheckSentFolder - Passed
2021-08-24 23:42:09,830 [NonParallelWorker] INFO M11_Dzianis_Dukhnou.BaseTest - Log out
2021-08-24 23:42:10,096 [NonParallelWorker] INFO M11_Dzianis_Dukhnou.WebObjects.UserMenuPage - The UserMenu Page is open
2021-08-24 23:42:12,540 [NonParallelWorker] INFO M11_Dzianis_Dukhnou.OneTimeTest - !!!Execution of test(s) have been finished!!!
